
============================================================
Execution of testSum is sarted
Execution of testSum is finished
============================================================


============================================================
Execution of testDevide is sarted
Execution of testDevide is finished
============================================================


============================================================
Execution of testSum[0] is sarted
Execution of testSum[0] is finished
============================================================


============================================================
Execution of testSum[1] is sarted
Execution of testSum[1] is finished
============================================================


============================================================
Execution of testSum[2] is sarted
Execution of testSum[2] is finished
============================================================


============================================================
Execution of testSum[3] is sarted
Execution of testSum[3] is finished
============================================================


============================================================
Execution of testSum[4] is sarted
Execution of testSum[4] is finished
============================================================

Execution of testSum is ignored

============================================================
Execution of testDevide is sarted
Execution of testDevide is finished
============================================================


============================================================
Execution of testSum is sarted
testSum(com.rk.practice.FailTestCase)
Test failed
java.lang.AssertionError: Test failed
	at org.junit.Assert.fail(Assert.java:88)
	at com.rk.practice.FailTestCase.testSum(FailTestCase.java:11)
	at sun.reflect.NativeMethodAccessorImpl.invoke0(Native Method)
	at sun.reflect.NativeMethodAccessorImpl.invoke(NativeMethodAccessorImpl.java:57)
	at sun.reflect.DelegatingMethodAccessorImpl.invoke(DelegatingMethodAccessorImpl.java:43)
	at java.lang.reflect.Method.invoke(Method.java:606)
	at org.junit.runners.model.FrameworkMethod$1.runReflectiveCall(FrameworkMethod.java:50)
	at org.junit.internal.runners.model.ReflectiveCallable.run(ReflectiveCallable.java:12)
	at org.junit.runners.model.FrameworkMethod.invokeExplosively(FrameworkMethod.java:47)
	at org.junit.internal.runners.statements.InvokeMethod.evaluate(InvokeMethod.java:17)
	at org.junit.runners.ParentRunner.runLeaf(ParentRunner.java:325)
	at org.junit.runners.BlockJUnit4ClassRunner.runChild(BlockJUnit4ClassRunner.java:78)
	at org.junit.runners.BlockJUnit4ClassRunner.runChild(BlockJUnit4ClassRunner.java:57)
	at org.junit.runners.ParentRunner$3.run(ParentRunner.java:290)
	at org.junit.runners.ParentRunner$1.schedule(ParentRunner.java:71)
	at org.junit.runners.ParentRunner.runChildren(ParentRunner.java:288)
	at org.junit.runners.ParentRunner.access$000(ParentRunner.java:58)
	at org.junit.runners.ParentRunner$2.evaluate(ParentRunner.java:268)
	at org.junit.runners.ParentRunner.run(ParentRunner.java:363)
	at org.junit.runners.Suite.runChild(Suite.java:128)
	at org.junit.runners.Suite.runChild(Suite.java:27)
	at org.junit.runners.ParentRunner$3.run(ParentRunner.java:290)
	at org.junit.runners.ParentRunner$1.schedule(ParentRunner.java:71)
	at org.junit.runners.ParentRunner.runChildren(ParentRunner.java:288)
	at org.junit.runners.ParentRunner.access$000(ParentRunner.java:58)
	at org.junit.runners.ParentRunner$2.evaluate(ParentRunner.java:268)
	at org.junit.runners.ParentRunner.run(ParentRunner.java:363)
	at org.junit.runner.JUnitCore.run(JUnitCore.java:137)
	at org.junit.runner.JUnitCore.run(JUnitCore.java:115)
	at org.junit.runner.JUnitCore.run(JUnitCore.java:105)
	at org.junit.runner.JUnitCore.run(JUnitCore.java:94)
	at com.rk.practice.TestRunnerWithListener.main(TestRunnerWithListener.java:10)

Execution of testSum is finished
============================================================

